<?xml version="1.0" encoding="UTF-8"?>
<!-- Generated by org.testng.reporters.JUnitXMLReporter -->
<testsuite hostname="DESKTOP-8IT2KM8" ignored="0" name="Test" tests="2" failures="0" timestamp="04 Aug 2017 21:58:09 GMT" time="0.203" errors="0">
  <testcase name="@BeforeClass setUp" time="0.132" classname="com.javacodegeeks.testng.maven.TestNgMavenExample">
    <failure type="java.lang.NoClassDefFoundError" message="org/apache/http/params/HttpParams">
      <![CDATA[java.lang.NoClassDefFoundError: org/apache/http/params/HttpParams
	at org.openqa.selenium.ie.InternetExplorerDriver.run(InternetExplorerDriver.java:192)
	at org.openqa.selenium.ie.InternetExplorerDriver.<init>(InternetExplorerDriver.java:184)
	at org.openqa.selenium.ie.InternetExplorerDriver.<init>(InternetExplorerDriver.java:159)
	at com.javacodegeeks.testng.maven.TestNgMavenExample.setUp(TestNgMavenExample.java:50)
Caused by: java.lang.ClassNotFoundException: org.apache.http.params.HttpParams
	at java.net.URLClassLoader.findClass(URLClassLoader.java:381)
	at java.lang.ClassLoader.loadClass(ClassLoader.java:424)
	at sun.misc.Launcher$AppClassLoader.loadClass(Launcher.java:335)
	at java.lang.ClassLoader.loadClass(ClassLoader.java:357)
	... 29 more
... Removed 25 stack frames]]>
    </failure>
  </testcase> <!-- @BeforeClass setUp -->
  <testcase name="@AfterClass tearDown" time="0.0" classname="com.javacodegeeks.testng.maven.TestNgMavenExample">
    <skipped/>
  </testcase> <!-- @AfterClass tearDown -->
  <testcase name="@BeforeClass setUp" time="0.005" classname="com.javacodegeeks.testng.maven.TestNgMavenSecondClass">
    <failure type="java.lang.NoClassDefFoundError" message="org/apache/http/params/HttpParams">
      <![CDATA[java.lang.NoClassDefFoundError: org/apache/http/params/HttpParams
	at org.openqa.selenium.ie.InternetExplorerDriver.run(InternetExplorerDriver.java:192)
	at org.openqa.selenium.ie.InternetExplorerDriver.<init>(InternetExplorerDriver.java:184)
	at org.openqa.selenium.ie.InternetExplorerDriver.<init>(InternetExplorerDriver.java:159)
	at com.javacodegeeks.testng.maven.TestNgMavenSecondClass.setUp(TestNgMavenSecondClass.java:50)
Caused by: java.lang.ClassNotFoundException: org.apache.http.params.HttpParams
	at java.net.URLClassLoader.findClass(URLClassLoader.java:381)
	at java.lang.ClassLoader.loadClass(ClassLoader.java:424)
	at sun.misc.Launcher$AppClassLoader.loadClass(Launcher.java:335)
	at java.lang.ClassLoader.loadClass(ClassLoader.java:357)
	... 29 more
... Removed 25 stack frames]]>
    </failure>
  </testcase> <!-- @BeforeClass setUp -->
  <testcase name="@AfterClass tearDown" time="0.0" classname="com.javacodegeeks.testng.maven.TestNgMavenSecondClass">
    <skipped/>
  </testcase> <!-- @AfterClass tearDown -->
  <testcase name="exampleOfTestNgMaven" time="0.001" classname="com.javacodegeeks.testng.maven.TestNgMavenExample">
    <skipped/>
  </testcase> <!-- exampleOfTestNgMaven -->
  <testcase name="oneMoreTest" time="0.0" classname="com.javacodegeeks.testng.maven.TestNgMavenSecondClass">
    <skipped/>
  </testcase> <!-- oneMoreTest -->
</testsuite> <!-- Test -->
